<?xml version="1.0" encoding="UTF-8"?>
<testng-results skipped="0" failed="0" ignored="0" total="1" passed="1">
  <reporter-output>
  </reporter-output>
  <suite name="ToolsQA Buils Setup" duration-ms="39518" started-at="2020-10-18T05:26:06Z" finished-at="2020-10-18T05:26:46Z">
    <groups>
    </groups>
    <test name="ToolsQA Buils Setup" duration-ms="39518" started-at="2020-10-18T05:26:06Z" finished-at="2020-10-18T05:26:46Z">
      <class name="com.demo.qa.test.BuildJobTest">
        <test-method status="PASS" signature="setUp()[pri:0, instance:com.demo.qa.test.BuildJobTest@a67c67e]" name="setUp" is-config="true" duration-ms="34678" started-at="2020-10-18T05:26:06Z" finished-at="2020-10-18T05:26:41Z">
          <reporter-output>
          </reporter-output>
        </test-method> <!-- setUp -->
        <test-method status="PASS" signature="ToolsQaTest()[pri:0, instance:com.demo.qa.test.BuildJobTest@a67c67e]" name="ToolsQaTest" duration-ms="3757" started-at="2020-10-18T05:26:41Z" finished-at="2020-10-18T05:26:45Z">
          <reporter-output>
          </reporter-output>
        </test-method> <!-- ToolsQaTest -->
        <test-method status="PASS" signature="tearDown()[pri:0, instance:com.demo.qa.test.BuildJobTest@a67c67e]" name="tearDown" is-config="true" duration-ms="916" started-at="2020-10-18T05:26:45Z" finished-at="2020-10-18T05:26:46Z">
          <reporter-output>
          </reporter-output>
        </test-method> <!-- tearDown -->
      </class> <!-- com.demo.qa.test.BuildJobTest -->
    </test> <!-- ToolsQA Buils Setup -->
  </suite> <!-- ToolsQA Buils Setup -->
</testng-results>
