<?xml version="1.0" encoding="UTF-8"?>
<testng-results skipped="0" failed="0" total="1" passed="1">
  <reporter-output>
  </reporter-output>
  <suite name="Default suite" duration-ms="56216" started-at="2020-10-18T05:20:58Z" finished-at="2020-10-18T05:21:54Z">
    <groups>
    </groups>
    <test name="Default test" duration-ms="56216" started-at="2020-10-18T05:20:58Z" finished-at="2020-10-18T05:21:54Z">
      <class name="com.demo.qa.test.BuildJobTest">
        <test-method status="PASS" signature="setUp()[pri:0, instance:com.demo.qa.test.BuildJobTest@7c30a502]" name="setUp" is-config="true" duration-ms="52718" started-at="2020-10-18T10:50:58Z" finished-at="2020-10-18T10:51:50Z">
          <reporter-output>
          </reporter-output>
        </test-method> <!-- setUp -->
        <test-method status="PASS" signature="ToolsQaTest()[pri:0, instance:com.demo.qa.test.BuildJobTest@7c30a502]" name="ToolsQaTest" duration-ms="2571" started-at="2020-10-18T10:51:50Z" finished-at="2020-10-18T10:51:53Z">
          <reporter-output>
          </reporter-output>
        </test-method> <!-- ToolsQaTest -->
        <test-method status="PASS" signature="tearDown()[pri:0, instance:com.demo.qa.test.BuildJobTest@7c30a502]" name="tearDown" is-config="true" duration-ms="731" started-at="2020-10-18T10:51:53Z" finished-at="2020-10-18T10:51:54Z">
          <reporter-output>
          </reporter-output>
        </test-method> <!-- tearDown -->
      </class> <!-- com.demo.qa.test.BuildJobTest -->
    </test> <!-- Default test -->
  </suite> <!-- Default suite -->
</testng-results>
